[2010-06-10 14:57:06] <LOG> 
- '' will exit from this tutorial
- '' will cycle through all the available languages
* The legend under the logo is always displayed in the current language
[2010-06-10 14:57:06] <LOG> 10_StandAlone Init() called!
[2010-06-10 14:57:38] <LOG> 
- '' will exit from this tutorial
- '' will cycle through all the available languages
* The legend under the logo is always displayed in the current language
[2010-06-10 14:57:38] <LOG> 10_StandAlone Init() called!
[2010-06-10 14:59:50] <LOG> 
- 'KEY_ESCAPE' will exit from this tutorial
- 'KEY_SPACE' will cycle through all the available languages
* The legend under the logo is always displayed in the current language
[2010-06-10 14:59:50] <LOG> 10_StandAlone Init() called!
[2010-06-10 15:00:01] <LOG> Switching to 'French'.
[2010-06-10 15:00:01] <LOG> Switching to 'Spanish'.
[2010-06-10 15:00:02] <LOG> Switching to 'German'.
[2010-06-10 15:00:03] <LOG> Switching to 'Finnish'.
[2010-06-10 15:00:04] <LOG> Switching to 'Swedish'.
[2010-06-10 15:00:04] <LOG> Switching to 'Norwegian'.
[2010-06-10 15:00:04] <LOG> Switching to 'English'.
[2010-06-10 15:00:05] <LOG> Switching to 'French'.
[2010-06-10 15:00:05] <LOG> Switching to 'Spanish'.
[2010-06-10 15:00:05] <LOG> Switching to 'German'.
[2010-06-10 15:00:06] <LOG> Switching to 'Finnish'.
[2010-06-10 15:00:07] <LOG> 10_StandAlone Exit() called!
[2010-06-10 15:00:32] <LOG> 
- 'KEY_ESCAPE' will exit from this tutorial
- 'KEY_SPACE' will cycle through all the available languages
* The legend under the logo is always displayed in the current language
[2010-06-10 15:00:32] <LOG> 10_StandAlone Init() called!
[2010-06-10 15:00:33] <LOG> Switching to 'French'.
[2010-06-10 15:00:35] <LOG> Switching to 'Spanish'.
[2010-06-10 15:00:36] <LOG> Switching to 'German'.
[2010-06-10 15:00:36] <LOG> Switching to 'Finnish'.
[2010-06-10 15:00:36] <LOG> Switching to 'Swedish'.
[2010-06-10 15:00:36] <LOG> Switching to 'Norwegian'.
[2010-06-10 15:00:36] <LOG> Switching to 'English'.
[2010-06-10 15:00:37] <LOG> Switching to 'French'.
[2010-06-10 15:00:37] <LOG> Switching to 'Spanish'.
[2010-06-10 15:00:37] <LOG> Switching to 'German'.
[2010-06-10 15:00:37] <LOG> Switching to 'Finnish'.
[2010-06-10 15:00:40] <LOG> 10_StandAlone Exit() called!
[2010-06-10 15:10:36] <LOG> 
- 'KEY_ESCAPE' will exit from this tutorial
- 'KEY_SPACE' will cycle through all the available languages
* The legend under the logo is always displayed in the current language
[2010-06-10 15:10:36] <LOG> 10_StandAlone Init() called!
[2010-06-10 15:12:30] <LOG> Switching to 'French'.
[2010-06-10 15:12:31] <LOG> Switching to 'Spanish'.
[2010-06-10 15:12:31] <LOG> Switching to 'German'.
[2010-06-10 15:12:31] <LOG> Switching to 'Finnish'.
[2010-06-10 15:12:35] <LOG> 10_StandAlone Exit() called!
[2010-06-10 15:13:44] <LOG> 
- 'KEY_ESCAPE' will exit from this tutorial
- 'KEY_SPACE' will cycle through all the available languages
* The legend under the logo is always displayed in the current language
[2010-06-10 15:13:44] <LOG> 10_StandAlone Init() called!
[2010-06-10 15:13:51] <LOG> Switching to 'French'.
[2010-06-10 15:13:51] <LOG> Switching to 'Spanish'.
[2010-06-10 15:13:52] <LOG> Switching to 'German'.
[2010-06-10 15:13:52] <LOG> Switching to 'Finnish'.
[2010-06-10 15:13:53] <LOG> 10_StandAlone Exit() called!
[2010-06-10 15:14:16] <LOG> 
- 'KEY_ESCAPE' will exit from this tutorial
- 'KEY_SPACE' will cycle through all the available languages
* The legend under the logo is always displayed in the current language
[2010-06-10 15:14:16] <LOG> 10_StandAlone Init() called!
[2010-06-10 15:14:21] <LOG> Switching to 'French'.
[2010-06-10 15:14:21] <LOG> Switching to 'Spanish'.
[2010-06-10 15:14:22] <LOG> Switching to 'German'.
[2010-06-10 15:14:23] <LOG> 10_StandAlone Exit() called!
[2010-06-10 15:14:48] <LOG> 
- 'KEY_ESCAPE' will exit from this tutorial
- 'KEY_SPACE' will cycle through all the available languages
* The legend under the logo is always displayed in the current language
[2010-06-10 15:14:48] <LOG> 10_StandAlone Init() called!
[2010-06-10 15:15:05] <LOG> Switching to 'French'.
[2010-06-10 15:15:05] <LOG> Switching to 'Spanish'.
[2010-06-10 15:15:06] <LOG> Switching to 'German'.
[2010-06-10 15:15:06] <LOG> Switching to 'Finnish'.
[2010-06-10 15:15:09] <LOG> Switching to 'Swedish'.
[2010-06-10 15:15:11] <LOG> 10_StandAlone Exit() called!
[2010-06-10 15:16:51] <LOG> 
- 'KEY_ESCAPE' will exit from this tutorial
- 'KEY_SPACE' will cycle through all the available languages
* The legend under the logo is always displayed in the current language
[2010-06-10 15:16:51] <LOG> 10_StandAlone Init() called!
[2010-06-10 15:17:10] <LOG> 10_StandAlone Exit() called!
[2010-06-10 15:17:24] <LOG> 
- 'KEY_ESCAPE' will exit from this tutorial
- 'KEY_SPACE' will cycle through all the available languages
* The legend under the logo is always displayed in the current language
[2010-06-10 15:17:24] <LOG> 10_StandAlone Init() called!
[2010-06-10 15:17:25] <LOG> 10_StandAlone Exit() called!
[2010-06-10 15:17:45] <LOG> 
- 'KEY_ESCAPE' will exit from this tutorial
- 'KEY_SPACE' will cycle through all the available languages
* The legend under the logo is always displayed in the current language
[2010-06-10 15:17:45] <LOG> 10_StandAlone Init() called!
[2010-06-10 15:17:47] <LOG> 10_StandAlone Exit() called!
[2010-06-10 15:17:52] <LOG> 
- 'KEY_ESCAPE' will exit from this tutorial
- 'KEY_SPACE' will cycle through all the available languages
* The legend under the logo is always displayed in the current language
[2010-06-10 15:17:52] <LOG> 10_StandAlone Init() called!
[2010-06-10 15:18:17] <LOG> 
- 'KEY_ESCAPE' will exit from this tutorial
- 'KEY_SPACE' will cycle through all the available languages
* The legend under the logo is always displayed in the current language
[2010-06-10 15:18:17] <LOG> 10_StandAlone Init() called!
[2010-06-10 15:28:57] <LOG> 
- 'KEY_ESCAPE' will exit from this tutorial
- 'KEY_SPACE' will cycle through all the available languages
* The legend under the logo is always displayed in the current language
[2010-06-10 15:28:57] <LOG> 10_StandAlone Init() called!
[2010-06-10 16:23:28] <LOG> 
- 'KEY_ESCAPE' will exit from this tutorial
- 'KEY_SPACE' will cycle through all the available languages
* The legend under the logo is always displayed in the current language
[2010-06-10 16:23:28] <LOG> 10_StandAlone Init() called!
[2010-06-10 16:23:34] <LOG> 10_StandAlone Exit() called!
[2010-06-10 16:36:56] <LOG> 
- 'KEY_ESCAPE' will exit from this tutorial
- 'KEY_SPACE' will cycle through all the available languages
* The legend under the logo is always displayed in the current language
[2010-06-10 16:36:56] <LOG> 10_StandAlone Init() called!
[2010-06-10 16:36:57] <LOG> 10_StandAlone Exit() called!
